<?xml version="1.0" encoding="UTF-8"?>
<testng-results ignored="0" total="1" passed="1" failed="0" skipped="0">
  <reporter-output>
  </reporter-output>
  <suite started-at="2023-08-28T22:09:05 IST" name="Default suite" finished-at="2023-08-28T22:09:08 IST" duration-ms="2704">
    <groups>
    </groups>
    <test started-at="2023-08-28T22:09:05 IST" name="Default test" finished-at="2023-08-28T22:09:08 IST" duration-ms="2704">
      <class name="HttpRequests.QueryAndPathParams">
        <test-method signature="testQueryAndPathParams()[pri:0, instance:HttpRequests.QueryAndPathParams@bae7dc0]" started-at="2023-08-28T22:09:05 IST" name="testQueryAndPathParams" finished-at="2023-08-28T22:09:08 IST" duration-ms="2657" status="PASS">
          <reporter-output>
          </reporter-output>
        </test-method> <!-- testQueryAndPathParams -->
      </class> <!-- HttpRequests.QueryAndPathParams -->
    </test> <!-- Default test -->
  </suite> <!-- Default suite -->
</testng-results>
